2025-05-14 10:07:26 +0000  Initial pipeline context: <IDEDistributionProcessingPipelineContext: 0x32eb0b720; archive(resolved)="<IDEArchive: 0x60000f6c73a0>", distributionTask(resolved)="2", distributionDestination(resolved)="1", distributionMethod(resolved)="<IDEDistributionMethodDevelopmentSigned: 0x600005d912a0>", team(resolved)="<IDEProvisioningDisambiguatableBasicTeam: 0x600004b078c0; teamID='2QJX795Q3R', teamName='Seungjun Lee', teamType='Individual', username='rofxnaos@gmail.com', isFreeProvisioningTeam='0'>">
	Chain (15, self inclusive):
	<IDEDistributionProcessingPipelineContext: 0x32eb0b720; archive = "<IDEArchive: 0x60000f6c73a0>", distributionMethod="<IDEDistributionMethodDevelopmentSigned: 0x600005d912a0>", team="<IDEProvisioningDisambiguatableBasicTeam: 0x600004b078c0; teamID='2QJX795Q3R', teamName='Seungjun Lee', teamType='Individual', username='rofxnaos@gmail.com', isFreeProvisioningTeam='0'>">
	<IDEDistributionProcessingPipelineContext: 0x32eb4a6a0; archive = "<IDEArchive: 0x60000f6c73a0>", distributionMethod="<IDEDistributionMethodDevelopmentSigned: 0x600005d912a0>", team="<IDEProvisioningDisambiguatableBasicTeam: 0x600004b078c0; teamID='2QJX795Q3R', teamName='Seungjun Lee', teamType='Individual', username='rofxnaos@gmail.com', isFreeProvisioningTeam='0'>">
	<IDEDistributionContext: 0x32faac110; archive = "<IDEArchive: 0x60000f6c73a0>", distributionMethod="<IDEDistributionMethodDevelopmentSigned: 0x600005d912a0>", team="<IDEProvisioningDisambiguatableBasicTeam: 0x600004b078c0; teamID='2QJX795Q3R', teamName='Seungjun Lee', teamType='Individual', username='rofxnaos@gmail.com', isFreeProvisioningTeam='0'>">
	<IDEDistributionContext: 0x10ed18600; archive = "<IDEArchive: 0x60000f6c73a0>", distributionMethod="<IDEDistributionMethodDevelopmentSigned: 0x600005d912a0>", team="<IDEProvisioningDisambiguatableBasicTeam: 0x600004b078c0; teamID='2QJX795Q3R', teamName='Seungjun Lee', teamType='Individual', username='rofxnaos@gmail.com', isFreeProvisioningTeam='0'>">
	<IDEDistributionContext: 0x10eb28df0; archive = "<IDEArchive: 0x60000f6c73a0>", distributionMethod="<IDEDistributionMethodDevelopmentSigned: 0x600005d912a0>", team="<IDEProvisioningDisambiguatableBasicTeam: 0x600004b078c0; teamID='2QJX795Q3R', teamName='Seungjun Lee', teamType='Individual', username='rofxnaos@gmail.com', isFreeProvisioningTeam='0'>">
	<IDEDistributionContext: 0x10eb1e8d0; archive = "<IDEArchive: 0x60000f6c73a0>", distributionMethod="<IDEDistributionMethodDevelopmentSigned: 0x600005d912a0>", team="<IDEProvisioningDisambiguatableBasicTeam: 0x600004b078c0; teamID='2QJX795Q3R', teamName='Seungjun Lee', teamType='Individual', username='rofxnaos@gmail.com', isFreeProvisioningTeam='0'>">
	<IDEDistributionContext: 0x10ed27270; archive = "<IDEArchive: 0x60000f6c73a0>", distributionMethod="<IDEDistributionMethodDevelopmentSigned: 0x600005d912a0>", team="<IDEProvisioningDisambiguatableBasicTeam: 0x600004b078c0; teamID='2QJX795Q3R', teamName='Seungjun Lee', teamType='Individual', username='rofxnaos@gmail.com', isFreeProvisioningTeam='0'>">
	<IDEDistributionContext: 0x10ed27660; archive = "<IDEArchive: 0x60000f6c73a0>", distributionMethod="<IDEDistributionMethodDevelopmentSigned: 0x600005d912a0>", team="<IDEProvisioningDisambiguatableBasicTeam: 0x600004b078c0; teamID='2QJX795Q3R', teamName='Seungjun Lee', teamType='Individual', username='rofxnaos@gmail.com', isFreeProvisioningTeam='0'>">
	<IDEDistributionContext: 0x32fac7530; archive = "<IDEArchive: 0x60000f6c73a0>", distributionMethod="<IDEDistributionMethodDevelopmentSigned: 0x600005d912a0>", team="<IDEProvisioningDisambiguatableBasicTeam: 0x600004b078c0; teamID='2QJX795Q3R', teamName='Seungjun Lee', teamType='Individual', username='rofxnaos@gmail.com', isFreeProvisioningTeam='0'>">
	<IDEDistributionContext: 0x32fac7c40; archive = "<IDEArchive: 0x60000f6c73a0>", distributionMethod="<IDEDistributionMethodDevelopmentSigned: 0x600005d912a0>", team="(null)">
	<IDEDistributionContext: 0x10eb26ac0; archive = "<IDEArchive: 0x60000f6c73a0>", distributionMethod="<IDEDistributionMethodDevelopmentSigned: 0x600005d912a0>", team="(null)">
	<IDEDistributionContext: 0x10eb268b0; archive = "<IDEArchive: 0x60000f6c73a0>", distributionMethod="<IDEDistributionMethodDevelopmentSigned: 0x600005d912a0>", team="(null)">
	<IDEDistributionContext: 0x32fab5280; archive = "<IDEArchive: 0x60000f6c73a0>", distributionMethod="<IDEDistributionMethodDevelopmentSigned: 0x600005d912a0>", team="(null)">
	<IDEDistributionContext: 0x33d5e79c0; archive = "<IDEArchive: 0x60000f6c73a0>", distributionMethod="(null)", team="(null)">
	<IDEDistributionContext: 0x33d517b80; archive = "<IDEArchive: 0x60000f6c73a0>", distributionMethod="(null)", team="(null)">
</IDEDistributionProcessingPipelineContext: 0x32eb0b720>
2025-05-14 10:07:26 +0000  Processing step: IDEDistributionCreateDestRootStep
2025-05-14 10:07:26 +0000  Processing step: IDEDistributionCopyItemStep
2025-05-14 10:07:26 +0000  Running /usr/bin/ditto '-V' '/Users/iseungjun/Library/Developer/Xcode/Archives/2025-05-14/ToYou 5-14-25, 7.06 PM.xcarchive/Products/Applications/ToYou.app' '/var/folders/2c/dsckpzy9655fvh9vvndjk31c0000gn/T/XcodeDistPipeline.~~~XSZ4Tq/Root/Payload/ToYou.app'
2025-05-14 10:07:26 +0000  >>> Copying /Users/iseungjun/Library/Developer/Xcode/Archives/2025-05-14/ToYou 5-14-25, 7.06 PM.xcarchive/Products/Applications/ToYou.app 
2025-05-14 10:07:26 +0000  copying file ./_CodeSignature/CodeResources ... 
2025-05-14 10:07:26 +0000  15443 bytes for ./_CodeSignature/CodeResources
2025-05-14 10:07:26 +0000  copying file ./Packaging.log ... 
2025-05-14 10:07:26 +0000  34422 bytes for ./Packaging.log
2025-05-14 10:07:26 +0000  copying file ./Firebase_FirebaseCore.bundle/PrivacyInfo.xcprivacy ... 
2025-05-14 10:07:26 +0000  855 bytes for ./Firebase_FirebaseCore.bundle/PrivacyInfo.xcprivacy
2025-05-14 10:07:26 +0000  copying file ./Firebase_FirebaseCore.bundle/Info.plist ... 
2025-05-14 10:07:26 +0000  696 bytes for ./Firebase_FirebaseCore.bundle/Info.plist
2025-05-14 10:07:26 +0000  copying file ./AuthKey_7VS38BZ67F.p8 ... 
2025-05-14 10:07:26 +0000  258 bytes for ./AuthKey_7VS38BZ67F.p8
2025-05-14 10:07:26 +0000  copying file ./nanopb_nanopb.bundle/PrivacyInfo.xcprivacy ... 
2025-05-14 10:07:26 +0000  374 bytes for ./nanopb_nanopb.bundle/PrivacyInfo.xcprivacy
2025-05-14 10:07:26 +0000  copying file ./nanopb_nanopb.bundle/Info.plist ... 
2025-05-14 10:07:26 +0000  670 bytes for ./nanopb_nanopb.bundle/Info.plist
2025-05-14 10:07:26 +0000  copying file ./ToYou ... 
2025-05-14 10:07:26 +0000  3102368 bytes for ./ToYou
2025-05-14 10:07:26 +0000  copying file ./S-CoreDream-4Regular.otf ... 
2025-05-14 10:07:26 +0000  729724 bytes for ./S-CoreDream-4Regular.otf
2025-05-14 10:07:26 +0000  copying file ./GangwonEduHyeonokT_OTFMedium.otf ... 
2025-05-14 10:07:26 +0000  964340 bytes for ./GangwonEduHyeonokT_OTFMedium.otf
2025-05-14 10:07:26 +0000  copying file ./AppIcon60x60@2x.png ... 
2025-05-14 10:07:26 +0000  11103 bytes for ./AppIcon60x60@2x.png
2025-05-14 10:07:26 +0000  copying file ./S-CoreDream-5Medium.otf ... 
2025-05-14 10:07:26 +0000  732032 bytes for ./S-CoreDream-5Medium.otf
2025-05-14 10:07:26 +0000  copying file ./S-CoreDream-3Light.otf ... 
2025-05-14 10:07:26 +0000  732548 bytes for ./S-CoreDream-3Light.otf
2025-05-14 10:07:26 +0000  copying file ./GoogleUtilities_GoogleUtilities-AppDelegateSwizzler.bundle/PrivacyInfo.xcprivacy ... 
2025-05-14 10:07:26 +0000  478 bytes for ./GoogleUtilities_GoogleUtilities-AppDelegateSwizzler.bundle/PrivacyInfo.xcprivacy
2025-05-14 10:07:26 +0000  copying file ./GoogleUtilities_GoogleUtilities-AppDelegateSwizzler.bundle/Info.plist ... 
2025-05-14 10:07:26 +0000  748 bytes for ./GoogleUtilities_GoogleUtilities-AppDelegateSwizzler.bundle/Info.plist
2025-05-14 10:07:26 +0000  copying file ./GoogleUtilities_GoogleUtilities-NSData.bundle/PrivacyInfo.xcprivacy ... 
2025-05-14 10:07:26 +0000  478 bytes for ./GoogleUtilities_GoogleUtilities-NSData.bundle/PrivacyInfo.xcprivacy
2025-05-14 10:07:26 +0000  copying file ./GoogleUtilities_GoogleUtilities-NSData.bundle/Info.plist ... 
2025-05-14 10:07:26 +0000  722 bytes for ./GoogleUtilities_GoogleUtilities-NSData.bundle/Info.plist
2025-05-14 10:07:26 +0000  copying file ./Firebase_FirebaseInstallations.bundle/PrivacyInfo.xcprivacy ... 
2025-05-14 10:07:26 +0000  1105 bytes for ./Firebase_FirebaseInstallations.bundle/PrivacyInfo.xcprivacy
2025-05-14 10:07:26 +0000  copying file ./Firebase_FirebaseInstallations.bundle/Info.plist ... 
2025-05-14 10:07:26 +0000  714 bytes for ./Firebase_FirebaseInstallations.bundle/Info.plist
2025-05-14 10:07:26 +0000  copying file ./Launch Screen.storyboardc/01J-lp-oVM-view-Ze5-6b-2t3.nib ... 
2025-05-14 10:07:26 +0000  2578 bytes for ./Launch Screen.storyboardc/01J-lp-oVM-view-Ze5-6b-2t3.nib
2025-05-14 10:07:26 +0000  copying file ./Launch Screen.storyboardc/UIViewController-01J-lp-oVM.nib ... 
2025-05-14 10:07:26 +0000  924 bytes for ./Launch Screen.storyboardc/UIViewController-01J-lp-oVM.nib
2025-05-14 10:07:26 +0000  copying file ./Launch Screen.storyboardc/Info.plist ... 
2025-05-14 10:07:26 +0000  258 bytes for ./Launch Screen.storyboardc/Info.plist
2025-05-14 10:07:26 +0000  copying file ./Firebase_FirebaseCoreInternal.bundle/PrivacyInfo.xcprivacy ... 
2025-05-14 10:07:26 +0000  855 bytes for ./Firebase_FirebaseCoreInternal.bundle/PrivacyInfo.xcprivacy
2025-05-14 10:07:26 +0000  copying file ./Firebase_FirebaseCoreInternal.bundle/Info.plist ... 
2025-05-14 10:07:26 +0000  712 bytes for ./Firebase_FirebaseCoreInternal.bundle/Info.plist
2025-05-14 10:07:26 +0000  copying file ./S-CoreDream-2ExtraLight.otf ... 
2025-05-14 10:07:26 +0000  734208 bytes for ./S-CoreDream-2ExtraLight.otf
2025-05-14 10:07:26 +0000  copying file ./GoogleUtilities_GoogleUtilities-Logger.bundle/PrivacyInfo.xcprivacy ... 
2025-05-14 10:07:26 +0000  478 bytes for ./GoogleUtilities_GoogleUtilities-Logger.bundle/PrivacyInfo.xcprivacy
2025-05-14 10:07:26 +0000  copying file ./GoogleUtilities_GoogleUtilities-Logger.bundle/Info.plist ... 
2025-05-14 10:07:26 +0000  722 bytes for ./GoogleUtilities_GoogleUtilities-Logger.bundle/Info.plist
2025-05-14 10:07:26 +0000  copying file ./GoogleUtilities_GoogleUtilities-Reachability.bundle/PrivacyInfo.xcprivacy ... 
2025-05-14 10:07:26 +0000  478 bytes for ./GoogleUtilities_GoogleUtilities-Reachability.bundle/PrivacyInfo.xcprivacy
2025-05-14 10:07:26 +0000  copying file ./GoogleUtilities_GoogleUtilities-Reachability.bundle/Info.plist ... 
2025-05-14 10:07:26 +0000  734 bytes for ./GoogleUtilities_GoogleUtilities-Reachability.bundle/Info.plist
2025-05-14 10:07:26 +0000  copying file ./Firebase_FirebaseMessaging.bundle/PrivacyInfo.xcprivacy ... 
2025-05-14 10:07:26 +0000  2357 bytes for ./Firebase_FirebaseMessaging.bundle/PrivacyInfo.xcprivacy
2025-05-14 10:07:26 +0000  copying file ./Firebase_FirebaseMessaging.bundle/Info.plist ... 
2025-05-14 10:07:26 +0000  706 bytes for ./Firebase_FirebaseMessaging.bundle/Info.plist
2025-05-14 10:07:26 +0000  copying file ./GoogleService-Info.plist ... 
2025-05-14 10:07:26 +0000  461 bytes for ./GoogleService-Info.plist
2025-05-14 10:07:26 +0000  copying file ./ExportOptions.plist ... 
2025-05-14 10:07:26 +0000  180 bytes for ./ExportOptions.plist
2025-05-14 10:07:26 +0000  copying file ./GoogleDataTransport_GoogleDataTransport.bundle/PrivacyInfo.xcprivacy ... 
2025-05-14 10:07:26 +0000  1105 bytes for ./GoogleDataTransport_GoogleDataTransport.bundle/PrivacyInfo.xcprivacy
2025-05-14 10:07:26 +0000  copying file ./GoogleDataTransport_GoogleDataTransport.bundle/Info.plist ... 
2025-05-14 10:07:26 +0000  724 bytes for ./GoogleDataTransport_GoogleDataTransport.bundle/Info.plist
2025-05-14 10:07:26 +0000  copying file ./Promises_FBLPromises.bundle/PrivacyInfo.xcprivacy ... 
2025-05-14 10:07:26 +0000  373 bytes for ./Promises_FBLPromises.bundle/PrivacyInfo.xcprivacy
2025-05-14 10:07:26 +0000  copying file ./Promises_FBLPromises.bundle/Info.plist ... 
2025-05-14 10:07:26 +0000  686 bytes for ./Promises_FBLPromises.bundle/Info.plist
2025-05-14 10:07:26 +0000  copying file ./GoogleUtilities_GoogleUtilities-Network.bundle/PrivacyInfo.xcprivacy ... 
2025-05-14 10:07:26 +0000  856 bytes for ./GoogleUtilities_GoogleUtilities-Network.bundle/PrivacyInfo.xcprivacy
2025-05-14 10:07:26 +0000  copying file ./GoogleUtilities_GoogleUtilities-Network.bundle/Info.plist ... 
2025-05-14 10:07:26 +0000  724 bytes for ./GoogleUtilities_GoogleUtilities-Network.bundle/Info.plist
2025-05-14 10:07:26 +0000  copying file ./Assets.car ... 
2025-05-14 10:07:26 +0000  6652256 bytes for ./Assets.car
2025-05-14 10:07:26 +0000  copying file ./AppIcon76x76@2x~ipad.png ... 
2025-05-14 10:07:26 +0000  17107 bytes for ./AppIcon76x76@2x~ipad.png
2025-05-14 10:07:26 +0000  copying file ./GoogleUtilities_GoogleUtilities-UserDefaults.bundle/PrivacyInfo.xcprivacy ... 
2025-05-14 10:07:26 +0000  911 bytes for ./GoogleUtilities_GoogleUtilities-UserDefaults.bundle/PrivacyInfo.xcprivacy
2025-05-14 10:07:26 +0000  copying file ./GoogleUtilities_GoogleUtilities-UserDefaults.bundle/Info.plist ... 
2025-05-14 10:07:26 +0000  734 bytes for ./GoogleUtilities_GoogleUtilities-UserDefaults.bundle/Info.plist
2025-05-14 10:07:26 +0000  copying file ./DistributionSummary.plist ... 
2025-05-14 10:07:26 +0000  691 bytes for ./DistributionSummary.plist
2025-05-14 10:07:26 +0000  copying file ./GoogleUtilities_GoogleUtilities-Environment.bundle/PrivacyInfo.xcprivacy ... 
2025-05-14 10:07:26 +0000  855 bytes for ./GoogleUtilities_GoogleUtilities-Environment.bundle/PrivacyInfo.xcprivacy
2025-05-14 10:07:26 +0000  copying file ./GoogleUtilities_GoogleUtilities-Environment.bundle/Info.plist ... 
2025-05-14 10:07:26 +0000  732 bytes for ./GoogleUtilities_GoogleUtilities-Environment.bundle/Info.plist
2025-05-14 10:07:26 +0000  copying file ./embedded.mobileprovision ... 
2025-05-14 10:07:26 +0000  20905 bytes for ./embedded.mobileprovision
2025-05-14 10:07:26 +0000  copying file ./Info.plist ... 
2025-05-14 10:07:26 +0000  2046 bytes for ./Info.plist
2025-05-14 10:07:26 +0000  copying file ./Alamofire_Alamofire.bundle/PrivacyInfo.xcprivacy ... 
2025-05-14 10:07:26 +0000  600 bytes for ./Alamofire_Alamofire.bundle/PrivacyInfo.xcprivacy
2025-05-14 10:07:26 +0000  copying file ./Alamofire_Alamofire.bundle/Info.plist ... 
2025-05-14 10:07:26 +0000  684 bytes for ./Alamofire_Alamofire.bundle/Info.plist
2025-05-14 10:07:26 +0000  copying file ./SnapKit_SnapKit.bundle/PrivacyInfo.xcprivacy ... 
2025-05-14 10:07:26 +0000  373 bytes for ./SnapKit_SnapKit.bundle/PrivacyInfo.xcprivacy
2025-05-14 10:07:26 +0000  copying file ./SnapKit_SnapKit.bundle/Info.plist ... 
2025-05-14 10:07:26 +0000  676 bytes for ./SnapKit_SnapKit.bundle/Info.plist
2025-05-14 10:07:26 +0000  copying file ./PkgInfo ... 
2025-05-14 10:07:26 +0000  8 bytes for ./PkgInfo
2025-05-14 10:07:26 +0000  /usr/bin/ditto exited with 0
2025-05-14 10:07:26 +0000  Processing step: IDEDistributionEmbedProfileStep
2025-05-14 10:07:26 +0000  Processing step: IDEDistributionInfoPlistStep
2025-05-14 10:07:26 +0000  Skipping step: IDEDistributionInfoPlistStep because it said so
2025-05-14 10:07:26 +0000  Processing step: IDEDistributionAppThinningPlistStep
2025-05-14 10:07:26 +0000  Skipping step: IDEDistributionAppThinningPlistStep because it said so
2025-05-14 10:07:26 +0000  Processing step: IDEDistributionSymbolsStep
2025-05-14 10:07:26 +0000  Skipping step: IDEDistributionSymbolsStep because it said so
2025-05-14 10:07:26 +0000  Processing step: IDEDistributionAppThinningStep
2025-05-14 10:07:26 +0000  Skipping step: IDEDistributionAppThinningStep because it said so
2025-05-14 10:07:26 +0000  Processing step: IDEDistributionArchThinningStep
2025-05-14 10:07:26 +0000  Item /Users/iseungjun/Library/Developer/Xcode/Archives/2025-05-14/ToYou 5-14-25, 7.06 PM.xcarchive/Products/Applications/ToYou.app doesn't have the entitlement com.apple.developer.web-browser-engine.host enabled, returning ["arm64e"]
2025-05-14 10:07:26 +0000  Archs to thin for item /Users/iseungjun/Library/Developer/Xcode/Archives/2025-05-14/ToYou 5-14-25, 7.06 PM.xcarchive/Products/Applications/ToYou.app are ["arm64e"]
2025-05-14 10:07:26 +0000  Running /Applications/Xcode.app/Contents/Developer/Toolchains/XcodeDefault.xctoolchain/usr/bin/lipo '/var/folders/2c/dsckpzy9655fvh9vvndjk31c0000gn/T/XcodeDistPipeline.~~~XSZ4Tq/Root/Payload/ToYou.app/ToYou' '-verify_arch' 'arm64e'
2025-05-14 10:07:26 +0000  /Applications/Xcode.app/Contents/Developer/Toolchains/XcodeDefault.xctoolchain/usr/bin/lipo exited with 1
2025-05-14 10:07:26 +0000  Skipping architecture thinning for item "ToYou" because arch "arm64e" wasn't found
2025-05-14 10:07:26 +0000  Processing step: IDEDistributionODRStep
2025-05-14 10:07:26 +0000  Processing step: IDEDistributionStripXattrsStep
2025-05-14 10:07:26 +0000  Skipping stripping extended attributes because the codesign step will strip them.
2025-05-14 10:07:26 +0000  Processing step: IDEDistributionCodesignStep
2025-05-14 10:07:26 +0000  Entitlements for <IDEDistributionItem: 0x60001bbd34e0; bundleID='toyou.ToYou', path='<DVTFilePath:0x60001b4c8d80:'/Users/iseungjun/Library/Developer/Xcode/Archives/2025-05-14/ToYou 5-14-25, 7.06 PM.xcarchive/Products/Applications/ToYou.app'>', codeSigningInfo='<_DVTCodeSigningInformation_Path: 0x60001fae1f20; isSigned='1', isAdHocSigned='0', signingCertificate='<DVTSigningCertificate: 0x6000064f8e40; name='Apple Development: Seungjun Lee (RFGA32XB6U)', hash='A284D0C89C1630A5D3DAF98790536DCB1B7C271A', serialNumber='F160DB65666DED3F5B76B52589A2D1C', certificateKinds='(
    "1.2.840.113635.100.6.1.12",
    "1.2.840.113635.100.6.1.2"
), issueDate='2025-04-10 14:40:24 +0000''>', entitlements='{
    "application-identifier" = "2QJX795Q3R.toyou.ToYou";
    "aps-environment" = development;
    "com.apple.developer.applesignin" =     (
        Default
    );
    "com.apple.developer.team-identifier" = 2QJX795Q3R;
    "get-task-allow" = 1;
}', teamID='2QJX795Q3R', identifier='toyou.ToYou', executablePath='<DVTFilePath:0x60001b4a3600:'/Users/iseungjun/Library/Developer/Xcode/Archives/2025-05-14/ToYou 5-14-25, 7.06 PM.xcarchive/Products/Applications/ToYou.app/ToYou'>', hardenedRuntime='0'>'>: {
    "application-identifier" = "2QJX795Q3R.toyou.ToYou";
    "aps-environment" = development;
    "com.apple.developer.applesignin" =     (
        Default
    );
    "com.apple.developer.team-identifier" = 2QJX795Q3R;
    "get-task-allow" = 1;
}
2025-05-14 10:07:26 +0000  Associated App Clip Identifiers Filter: Skipping because "com.apple.developer.associated-appclip-app-identifiers" is not present
2025-05-14 10:07:26 +0000  Entitlements for <IDEDistributionItem: 0x60001bbd34e0; bundleID='toyou.ToYou', path='<DVTFilePath:0x60001b4c8d80:'/Users/iseungjun/Library/Developer/Xcode/Archives/2025-05-14/ToYou 5-14-25, 7.06 PM.xcarchive/Products/Applications/ToYou.app'>', codeSigningInfo='<_DVTCodeSigningInformation_Path: 0x60001fae1f20; isSigned='1', isAdHocSigned='0', signingCertificate='<DVTSigningCertificate: 0x6000064f8e40; name='Apple Development: Seungjun Lee (RFGA32XB6U)', hash='A284D0C89C1630A5D3DAF98790536DCB1B7C271A', serialNumber='F160DB65666DED3F5B76B52589A2D1C', certificateKinds='(
    "1.2.840.113635.100.6.1.12",
    "1.2.840.113635.100.6.1.2"
), issueDate='2025-04-10 14:40:24 +0000''>', entitlements='{
    "application-identifier" = "2QJX795Q3R.toyou.ToYou";
    "aps-environment" = development;
    "com.apple.developer.applesignin" =     (
        Default
    );
    "com.apple.developer.team-identifier" = 2QJX795Q3R;
    "get-task-allow" = 1;
}', teamID='2QJX795Q3R', identifier='toyou.ToYou', executablePath='<DVTFilePath:0x60001b4a3600:'/Users/iseungjun/Library/Developer/Xcode/Archives/2025-05-14/ToYou 5-14-25, 7.06 PM.xcarchive/Products/Applications/ToYou.app/ToYou'>', hardenedRuntime='0'>'> are: {
    "application-identifier" = "2QJX795Q3R.toyou.ToYou";
    "aps-environment" = development;
    "com.apple.developer.applesignin" =     (
        Default
    );
    "com.apple.developer.team-identifier" = 2QJX795Q3R;
    "get-task-allow" = 1;
}
2025-05-14 10:07:26 +0000  Writing entitlements for <IDEDistributionItem: 0x60001bbd34e0; bundleID='toyou.ToYou', path='<DVTFilePath:0x60001b4c8d80:'/Users/iseungjun/Library/Developer/Xcode/Archives/2025-05-14/ToYou 5-14-25, 7.06 PM.xcarchive/Products/Applications/ToYou.app'>', codeSigningInfo='<_DVTCodeSigningInformation_Path: 0x60001fae1f20; isSigned='1', isAdHocSigned='0', signingCertificate='<DVTSigningCertificate: 0x6000064f8e40; name='Apple Development: Seungjun Lee (RFGA32XB6U)', hash='A284D0C89C1630A5D3DAF98790536DCB1B7C271A', serialNumber='F160DB65666DED3F5B76B52589A2D1C', certificateKinds='(
    "1.2.840.113635.100.6.1.12",
    "1.2.840.113635.100.6.1.2"
), issueDate='2025-04-10 14:40:24 +0000''>', entitlements='{
    "application-identifier" = "2QJX795Q3R.toyou.ToYou";
    "aps-environment" = development;
    "com.apple.developer.applesignin" =     (
        Default
    );
    "com.apple.developer.team-identifier" = 2QJX795Q3R;
    "get-task-allow" = 1;
}', teamID='2QJX795Q3R', identifier='toyou.ToYou', executablePath='<DVTFilePath:0x60001b4a3600:'/Users/iseungjun/Library/Developer/Xcode/Archives/2025-05-14/ToYou 5-14-25, 7.06 PM.xcarchive/Products/Applications/ToYou.app/ToYou'>', hardenedRuntime='0'>'> to: /var/folders/2c/dsckpzy9655fvh9vvndjk31c0000gn/T/XcodeDistPipeline.~~~XSZ4Tq/entitlements~~~2tp50p
2025-05-14 10:07:26 +0000  invoking codesign: <NSConcreteTask: 0x600017934140; launchPath='/usr/bin/codesign', arguments='(
    "-f",
    "-s",
    A284D0C89C1630A5D3DAF98790536DCB1B7C271A,
    "--entitlements",
    "/var/folders/2c/dsckpzy9655fvh9vvndjk31c0000gn/T/XcodeDistPipeline.~~~XSZ4Tq/entitlements~~~2tp50p",
    "--preserve-metadata=identifier,flags,runtime",
    "--generate-entitlement-der",
    "--strip-disallowed-xattrs",
    "-vvv",
    "/var/folders/2c/dsckpzy9655fvh9vvndjk31c0000gn/T/XcodeDistPipeline.~~~XSZ4Tq/Root/Payload/ToYou.app"
)'>
2025-05-14 10:07:26 +0000  codesign output: /var/folders/2c/dsckpzy9655fvh9vvndjk31c0000gn/T/XcodeDistPipeline.~~~XSZ4Tq/Root/Payload/ToYou.app: replacing existing signature
/var/folders/2c/dsckpzy9655fvh9vvndjk31c0000gn/T/XcodeDistPipeline.~~~XSZ4Tq/Root/Payload/ToYou.app: signed app bundle with Mach-O thin (arm64) [toyou.ToYou]
2025-05-14 10:07:26 +0000  Processing step: IDEDistributionZipODRItemStep
2025-05-14 10:07:26 +0000  Skipping step: IDEDistributionZipODRItemStep because it said so
2025-05-14 10:07:26 +0000  Processing step: IDEDistributionCreateIPAStep
2025-05-14 10:07:26 +0000  Running /usr/bin/ditto '-V' '-c' '-k' '--norsrc' '/var/folders/2c/dsckpzy9655fvh9vvndjk31c0000gn/T/XcodeDistPipeline.~~~XSZ4Tq/Root' '/var/folders/2c/dsckpzy9655fvh9vvndjk31c0000gn/T/XcodeDistPipeline.~~~XSZ4Tq/Packages/ToYou.ipa'
2025-05-14 10:07:26 +0000  >>> Copying /var/folders/2c/dsckpzy9655fvh9vvndjk31c0000gn/T/XcodeDistPipeline.~~~XSZ4Tq/Root 
2025-05-14 10:07:26 +0000  copying file ./Payload/ToYou.app/_CodeSignature/CodeResources ... 
2025-05-14 10:07:26 +0000  15443 bytes for ./Payload/ToYou.app/_CodeSignature/CodeResources
2025-05-14 10:07:26 +0000  copying file ./Payload/ToYou.app/Packaging.log ... 
2025-05-14 10:07:26 +0000  34422 bytes for ./Payload/ToYou.app/Packaging.log
2025-05-14 10:07:26 +0000  copying file ./Payload/ToYou.app/Firebase_FirebaseCore.bundle/PrivacyInfo.xcprivacy ... 
2025-05-14 10:07:26 +0000  855 bytes for ./Payload/ToYou.app/Firebase_FirebaseCore.bundle/PrivacyInfo.xcprivacy
2025-05-14 10:07:26 +0000  copying file ./Payload/ToYou.app/Firebase_FirebaseCore.bundle/Info.plist ... 
2025-05-14 10:07:26 +0000  696 bytes for ./Payload/ToYou.app/Firebase_FirebaseCore.bundle/Info.plist
2025-05-14 10:07:26 +0000  copying file ./Payload/ToYou.app/AuthKey_7VS38BZ67F.p8 ... 
2025-05-14 10:07:26 +0000  258 bytes for ./Payload/ToYou.app/AuthKey_7VS38BZ67F.p8
2025-05-14 10:07:26 +0000  copying file ./Payload/ToYou.app/nanopb_nanopb.bundle/PrivacyInfo.xcprivacy ... 
2025-05-14 10:07:26 +0000  374 bytes for ./Payload/ToYou.app/nanopb_nanopb.bundle/PrivacyInfo.xcprivacy
2025-05-14 10:07:26 +0000  copying file ./Payload/ToYou.app/nanopb_nanopb.bundle/Info.plist ... 
2025-05-14 10:07:26 +0000  670 bytes for ./Payload/ToYou.app/nanopb_nanopb.bundle/Info.plist
2025-05-14 10:07:26 +0000  copying file ./Payload/ToYou.app/ToYou ... 
2025-05-14 10:07:26 +0000  3102368 bytes for ./Payload/ToYou.app/ToYou
copying file ./Payload/ToYou.app/S-CoreDream-4Regular.otf ... 
2025-05-14 10:07:26 +0000  729724 bytes for ./Payload/ToYou.app/S-CoreDream-4Regular.otf
copying file ./Payload/ToYou.app/GangwonEduHyeonokT_OTFMedium.otf ... 
2025-05-14 10:07:26 +0000  964340 bytes for ./Payload/ToYou.app/GangwonEduHyeonokT_OTFMedium.otf
2025-05-14 10:07:26 +0000  copying file ./Payload/ToYou.app/AppIcon60x60@2x.png ... 
2025-05-14 10:07:26 +0000  11103 bytes for ./Payload/ToYou.app/AppIcon60x60@2x.png
copying file ./Payload/ToYou.app/S-CoreDream-5Medium.otf ... 
2025-05-14 10:07:26 +0000  732032 bytes for ./Payload/ToYou.app/S-CoreDream-5Medium.otf
copying file ./Payload/ToYou.app/S-CoreDream-3Light.otf ... 
2025-05-14 10:07:26 +0000  732548 bytes for ./Payload/ToYou.app/S-CoreDream-3Light.otf
2025-05-14 10:07:26 +0000  copying file ./Payload/ToYou.app/GoogleUtilities_GoogleUtilities-AppDelegateSwizzler.bundle/PrivacyInfo.xcprivacy ... 
2025-05-14 10:07:26 +0000  478 bytes for ./Payload/ToYou.app/GoogleUtilities_GoogleUtilities-AppDelegateSwizzler.bundle/PrivacyInfo.xcprivacy
copying file ./Payload/ToYou.app/GoogleUtilities_GoogleUtilities-AppDelegateSwizzler.bundle/Info.plist ... 
2025-05-14 10:07:26 +0000  748 bytes for ./Payload/ToYou.app/GoogleUtilities_GoogleUtilities-AppDelegateSwizzler.bundle/Info.plist
copying file ./Payload/ToYou.app/GoogleUtilities_GoogleUtilities-NSData.bundle/PrivacyInfo.xcprivacy ... 
2025-05-14 10:07:26 +0000  478 bytes for ./Payload/ToYou.app/GoogleUtilities_GoogleUtilities-NSData.bundle/PrivacyInfo.xcprivacy
copying file ./Payload/ToYou.app/GoogleUtilities_GoogleUtilities-NSData.bundle/Info.plist ... 
2025-05-14 10:07:26 +0000  722 bytes for ./Payload/ToYou.app/GoogleUtilities_GoogleUtilities-NSData.bundle/Info.plist
2025-05-14 10:07:26 +0000  copying file ./Payload/ToYou.app/Firebase_FirebaseInstallations.bundle/PrivacyInfo.xcprivacy ... 
2025-05-14 10:07:26 +0000  1105 bytes for ./Payload/ToYou.app/Firebase_FirebaseInstallations.bundle/PrivacyInfo.xcprivacy
copying file ./Payload/ToYou.app/Firebase_FirebaseInstallations.bundle/Info.plist ... 
2025-05-14 10:07:26 +0000  714 bytes for ./Payload/ToYou.app/Firebase_FirebaseInstallations.bundle/Info.plist
2025-05-14 10:07:26 +0000  copying file ./Payload/ToYou.app/Launch Screen.storyboardc/01J-lp-oVM-view-Ze5-6b-2t3.nib ... 
2025-05-14 10:07:26 +0000  2578 bytes for ./Payload/ToYou.app/Launch Screen.storyboardc/01J-lp-oVM-view-Ze5-6b-2t3.nib
2025-05-14 10:07:26 +0000  copying file ./Payload/ToYou.app/Launch Screen.storyboardc/UIViewController-01J-lp-oVM.nib ... 
2025-05-14 10:07:26 +0000  924 bytes for ./Payload/ToYou.app/Launch Screen.storyboardc/UIViewController-01J-lp-oVM.nib
2025-05-14 10:07:26 +0000  copying file ./Payload/ToYou.app/Launch Screen.storyboardc/Info.plist ... 
2025-05-14 10:07:26 +0000  258 bytes for ./Payload/ToYou.app/Launch Screen.storyboardc/Info.plist
2025-05-14 10:07:26 +0000  copying file ./Payload/ToYou.app/Firebase_FirebaseCoreInternal.bundle/PrivacyInfo.xcprivacy ... 
855 bytes for ./Payload/ToYou.app/Firebase_FirebaseCoreInternal.bundle/PrivacyInfo.xcprivacy
2025-05-14 10:07:26 +0000  copying file ./Payload/ToYou.app/Firebase_FirebaseCoreInternal.bundle/Info.plist ... 
712 bytes for ./Payload/ToYou.app/Firebase_FirebaseCoreInternal.bundle/Info.plist
2025-05-14 10:07:26 +0000  copying file ./Payload/ToYou.app/S-CoreDream-2ExtraLight.otf ... 
2025-05-14 10:07:26 +0000  734208 bytes for ./Payload/ToYou.app/S-CoreDream-2ExtraLight.otf
2025-05-14 10:07:26 +0000  copying file ./Payload/ToYou.app/GoogleUtilities_GoogleUtilities-Logger.bundle/PrivacyInfo.xcprivacy ... 
478 bytes for ./Payload/ToYou.app/GoogleUtilities_GoogleUtilities-Logger.bundle/PrivacyInfo.xcprivacy
copying file ./Payload/ToYou.app/GoogleUtilities_GoogleUtilities-Logger.bundle/Info.plist ... 
2025-05-14 10:07:26 +0000  722 bytes for ./Payload/ToYou.app/GoogleUtilities_GoogleUtilities-Logger.bundle/Info.plist
2025-05-14 10:07:26 +0000  copying file ./Payload/ToYou.app/GoogleUtilities_GoogleUtilities-Reachability.bundle/PrivacyInfo.xcprivacy ... 
2025-05-14 10:07:26 +0000  478 bytes for ./Payload/ToYou.app/GoogleUtilities_GoogleUtilities-Reachability.bundle/PrivacyInfo.xcprivacy
copying file ./Payload/ToYou.app/GoogleUtilities_GoogleUtilities-Reachability.bundle/Info.plist ... 
2025-05-14 10:07:26 +0000  734 bytes for ./Payload/ToYou.app/GoogleUtilities_GoogleUtilities-Reachability.bundle/Info.plist
2025-05-14 10:07:26 +0000  copying file ./Payload/ToYou.app/Firebase_FirebaseMessaging.bundle/PrivacyInfo.xcprivacy ... 
2025-05-14 10:07:26 +0000  2357 bytes for ./Payload/ToYou.app/Firebase_FirebaseMessaging.bundle/PrivacyInfo.xcprivacy
copying file ./Payload/ToYou.app/Firebase_FirebaseMessaging.bundle/Info.plist ... 
2025-05-14 10:07:26 +0000  706 bytes for ./Payload/ToYou.app/Firebase_FirebaseMessaging.bundle/Info.plist
2025-05-14 10:07:26 +0000  copying file ./Payload/ToYou.app/GoogleService-Info.plist ... 
2025-05-14 10:07:26 +0000  461 bytes for ./Payload/ToYou.app/GoogleService-Info.plist
2025-05-14 10:07:26 +0000  copying file ./Payload/ToYou.app/ExportOptions.plist ... 
2025-05-14 10:07:26 +0000  180 bytes for ./Payload/ToYou.app/ExportOptions.plist
2025-05-14 10:07:26 +0000  copying file ./Payload/ToYou.app/GoogleDataTransport_GoogleDataTransport.bundle/PrivacyInfo.xcprivacy ... 
2025-05-14 10:07:26 +0000  1105 bytes for ./Payload/ToYou.app/GoogleDataTransport_GoogleDataTransport.bundle/PrivacyInfo.xcprivacy
copying file ./Payload/ToYou.app/GoogleDataTransport_GoogleDataTransport.bundle/Info.plist ... 
2025-05-14 10:07:26 +0000  724 bytes for ./Payload/ToYou.app/GoogleDataTransport_GoogleDataTransport.bundle/Info.plist
2025-05-14 10:07:26 +0000  copying file ./Payload/ToYou.app/Promises_FBLPromises.bundle/PrivacyInfo.xcprivacy ... 
2025-05-14 10:07:26 +0000  373 bytes for ./Payload/ToYou.app/Promises_FBLPromises.bundle/PrivacyInfo.xcprivacy
copying file ./Payload/ToYou.app/Promises_FBLPromises.bundle/Info.plist ... 
2025-05-14 10:07:26 +0000  686 bytes for ./Payload/ToYou.app/Promises_FBLPromises.bundle/Info.plist
2025-05-14 10:07:26 +0000  copying file ./Payload/ToYou.app/GoogleUtilities_GoogleUtilities-Network.bundle/PrivacyInfo.xcprivacy ... 
2025-05-14 10:07:26 +0000  856 bytes for ./Payload/ToYou.app/GoogleUtilities_GoogleUtilities-Network.bundle/PrivacyInfo.xcprivacy
copying file ./Payload/ToYou.app/GoogleUtilities_GoogleUtilities-Network.bundle/Info.plist ... 
2025-05-14 10:07:26 +0000  724 bytes for ./Payload/ToYou.app/GoogleUtilities_GoogleUtilities-Network.bundle/Info.plist
2025-05-14 10:07:26 +0000  copying file ./Payload/ToYou.app/Assets.car ... 
2025-05-14 10:07:26 +0000  6652256 bytes for ./Payload/ToYou.app/Assets.car
2025-05-14 10:07:26 +0000  copying file ./Payload/ToYou.app/AppIcon76x76@2x~ipad.png ... 
2025-05-14 10:07:26 +0000  17107 bytes for ./Payload/ToYou.app/AppIcon76x76@2x~ipad.png
2025-05-14 10:07:26 +0000  copying file ./Payload/ToYou.app/GoogleUtilities_GoogleUtilities-UserDefaults.bundle/PrivacyInfo.xcprivacy ... 
2025-05-14 10:07:26 +0000  911 bytes for ./Payload/ToYou.app/GoogleUtilities_GoogleUtilities-UserDefaults.bundle/PrivacyInfo.xcprivacy
2025-05-14 10:07:26 +0000  copying file ./Payload/ToYou.app/GoogleUtilities_GoogleUtilities-UserDefaults.bundle/Info.plist ... 
2025-05-14 10:07:26 +0000  734 bytes for ./Payload/ToYou.app/GoogleUtilities_GoogleUtilities-UserDefaults.bundle/Info.plist
2025-05-14 10:07:26 +0000  copying file ./Payload/ToYou.app/DistributionSummary.plist ... 
2025-05-14 10:07:26 +0000  691 bytes for ./Payload/ToYou.app/DistributionSummary.plist
2025-05-14 10:07:26 +0000  copying file ./Payload/ToYou.app/GoogleUtilities_GoogleUtilities-Environment.bundle/PrivacyInfo.xcprivacy ... 
2025-05-14 10:07:26 +0000  855 bytes for ./Payload/ToYou.app/GoogleUtilities_GoogleUtilities-Environment.bundle/PrivacyInfo.xcprivacy
2025-05-14 10:07:26 +0000  copying file ./Payload/ToYou.app/GoogleUtilities_GoogleUtilities-Environment.bundle/Info.plist ... 
2025-05-14 10:07:26 +0000  732 bytes for ./Payload/ToYou.app/GoogleUtilities_GoogleUtilities-Environment.bundle/Info.plist
copying file ./Payload/ToYou.app/embedded.mobileprovision ... 
2025-05-14 10:07:26 +0000  20905 bytes for ./Payload/ToYou.app/embedded.mobileprovision
2025-05-14 10:07:26 +0000  copying file ./Payload/ToYou.app/Info.plist ... 
2025-05-14 10:07:26 +0000  2046 bytes for ./Payload/ToYou.app/Info.plist
2025-05-14 10:07:26 +0000  copying file ./Payload/ToYou.app/Alamofire_Alamofire.bundle/PrivacyInfo.xcprivacy ... 
2025-05-14 10:07:26 +0000  600 bytes for ./Payload/ToYou.app/Alamofire_Alamofire.bundle/PrivacyInfo.xcprivacy
2025-05-14 10:07:26 +0000  copying file ./Payload/ToYou.app/Alamofire_Alamofire.bundle/Info.plist ... 
2025-05-14 10:07:26 +0000  684 bytes for ./Payload/ToYou.app/Alamofire_Alamofire.bundle/Info.plist
2025-05-14 10:07:26 +0000  copying file ./Payload/ToYou.app/SnapKit_SnapKit.bundle/PrivacyInfo.xcprivacy ... 
2025-05-14 10:07:26 +0000  373 bytes for ./Payload/ToYou.app/SnapKit_SnapKit.bundle/PrivacyInfo.xcprivacy
2025-05-14 10:07:26 +0000  copying file ./Payload/ToYou.app/SnapKit_SnapKit.bundle/Info.plist ... 
2025-05-14 10:07:26 +0000  676 bytes for ./Payload/ToYou.app/SnapKit_SnapKit.bundle/Info.plist
2025-05-14 10:07:26 +0000  copying file ./Payload/ToYou.app/PkgInfo ... 
2025-05-14 10:07:26 +0000  8 bytes for ./Payload/ToYou.app/PkgInfo
2025-05-14 10:07:26 +0000  /usr/bin/ditto exited with 0
2025-05-14 10:07:26 +0000  Processing step: IDEDistributionAppStoreInformationStep
2025-05-14 10:07:26 +0000  Skipping step: IDEDistributionAppStoreInformationStep because it said so
2025-05-14 10:07:26 +0000  Processing step: IDEDistributionGenerateProcessedDistributionItems
2025-05-14 10:07:26 +0000  IDEDistributionItem init <DVTFilePath:0x60001fad2640:'/var/folders/2c/dsckpzy9655fvh9vvndjk31c0000gn/T/XcodeDistPipeline.~~~XSZ4Tq/Root/Payload/ToYou.app'>
2025-05-14 10:07:26 +0000  Processing step: IDEDistributionCreateManifestStep
